<?xml version="1.0" encoding="UTF-8"?>
<!-- Generated by org.testng.reporters.JUnitXMLReporter -->
<testsuite ignored="3" hostname="DESKTOP-IBDLSNL" failures="8" tests="29" name="ChromeTest" time="374.385" errors="0" timestamp="2023-01-02T21:45:29 IST">
  <testcase classname="testCases.ManageUsersTestCase" name="verifyActiveUserList" time="2.482">
    <failure type="java.lang.AssertionError" message="dcscd expected [7] but found [8]">
      <![CDATA[java.lang.AssertionError: dcscd expected [7] but found [8]
at testCases.ManageUsersTestCase.verifyActiveUserList(ManageUsersTestCase.java:35)
at java.base/java.util.ArrayList.forEach(ArrayList.java:1540)
at java.base/java.util.concurrent.FutureTask.run(FutureTask.java:264)
at java.base/java.util.concurrent.ThreadPoolExecutor.runWorker(ThreadPoolExecutor.java:1128)
at java.base/java.util.concurrent.ThreadPoolExecutor$Worker.run(ThreadPoolExecutor.java:628)
at java.base/java.lang.Thread.run(Thread.java:835)
... Removed 22 stack frames]]>
    </failure>
  </testcase> <!-- verifyActiveUserList -->
  <testcase classname="testCases.ManageUsersTestCase" name="verifyActiveUserStatusCanBeChangedToInactive" time="4.473"/>
  <testcase classname="testCases.ManageExpenseExpenseCategoryTestCase" name="verifyAddedCategoryCanBeModified" time="3.359"/>
  <testcase classname="testCases.ManageProductTestCases" name="verifyAlertOccursWhenMandatoryFieldIsNotEntered" time="3.619">
    <failure type="org.openqa.selenium.StaleElementReferenceException" message="stale element reference: element is not attached to the page document
  (Session info: chrome=108.0.5359.125)
For documentation on this error, please visit: https://selenium.dev/exceptions/#stale_element_reference
Build info: version: &amp;apos;4.5.0&amp;apos;, revision: &amp;apos;fe167b119a&amp;apos;
System info: os.name: &amp;apos;Windows 10&amp;apos;, os.arch: &amp;apos;amd64&amp;apos;, os.version: &amp;apos;10.0&amp;apos;, java.version: &amp;apos;12.0.2&amp;apos;
Driver info: org.openqa.selenium.chrome.ChromeDriver
Command: [de06194c3715db1f874aeb1fa1ef491c, isElementDisplayed {id=c9b6c271-b9da-4200-8b86-06600571e796}]
Capabilities {acceptInsecureCerts: false, browserName: chrome, browserVersion: 108.0.5359.125, chrome: {chromedriverVersion: 107.0.5304.62 (1eec40d3a576..., userDataDir: C:\Users\INDUM~1\AppData\Lo...}, goog:chromeOptions: {debuggerAddress: localhost:62357}, networkConnectionEnabled: false, pageLoadStrategy: normal, platformName: WINDOWS, proxy: Proxy(), se:cdp: ws://localhost:62357/devtoo..., se:cdpVersion: 108.0.5359.125, setWindowRect: true, strictFileInteractability: false, timeouts: {implicit: 0, pageLoad: 300000, script: 30000}, unhandledPromptBehavior: dismiss and notify, webauthn:extension:credBlob: true, webauthn:extension:largeBlob: true, webauthn:virtualAuthenticators: true}
Element: [[ChromeDriver: chrome on WINDOWS (de06194c3715db1f874aeb1fa1ef491c)] -&amp;gt; xpath: //select[@id=&amp;apos;sub_id&amp;apos;]]
Session ID: de06194c3715db1f874aeb1fa1ef491c">
      <![CDATA[org.openqa.selenium.StaleElementReferenceException: stale element reference: element is not attached to the page document
  (Session info: chrome=108.0.5359.125)
For documentation on this error, please visit: https://selenium.dev/exceptions/#stale_element_reference
Build info: version: '4.5.0', revision: 'fe167b119a'
System info: os.name: 'Windows 10', os.arch: 'amd64', os.version: '10.0', java.version: '12.0.2'
Driver info: org.openqa.selenium.chrome.ChromeDriver
Command: [de06194c3715db1f874aeb1fa1ef491c, isElementDisplayed {id=c9b6c271-b9da-4200-8b86-06600571e796}]
Capabilities {acceptInsecureCerts: false, browserName: chrome, browserVersion: 108.0.5359.125, chrome: {chromedriverVersion: 107.0.5304.62 (1eec40d3a576..., userDataDir: C:\Users\INDUM~1\AppData\Lo...}, goog:chromeOptions: {debuggerAddress: localhost:62357}, networkConnectionEnabled: false, pageLoadStrategy: normal, platformName: WINDOWS, proxy: Proxy(), se:cdp: ws://localhost:62357/devtoo..., se:cdpVersion: 108.0.5359.125, setWindowRect: true, strictFileInteractability: false, timeouts: {implicit: 0, pageLoad: 300000, script: 30000}, unhandledPromptBehavior: dismiss and notify, webauthn:extension:credBlob: true, webauthn:extension:largeBlob: true, webauthn:virtualAuthenticators: true}
Element: [[ChromeDriver: chrome on WINDOWS (de06194c3715db1f874aeb1fa1ef491c)] -> xpath: //select[@id='sub_id']]
Session ID: de06194c3715db1f874aeb1fa1ef491c
at org.openqa.selenium.remote.codec.w3c.W3CHttpResponseCodec.createException(W3CHttpResponseCodec.java:200)
at org.openqa.selenium.remote.codec.w3c.W3CHttpResponseCodec.decode(W3CHttpResponseCodec.java:133)
at org.openqa.selenium.remote.codec.w3c.W3CHttpResponseCodec.decode(W3CHttpResponseCodec.java:53)
at org.openqa.selenium.remote.HttpCommandExecutor.execute(HttpCommandExecutor.java:184)
at org.openqa.selenium.remote.service.DriverCommandExecutor.invokeExecute(DriverCommandExecutor.java:167)
at org.openqa.selenium.remote.service.DriverCommandExecutor.execute(DriverCommandExecutor.java:142)
at org.openqa.selenium.remote.RemoteWebDriver.execute(RemoteWebDriver.java:547)
at org.openqa.selenium.remote.RemoteWebElement.execute(RemoteWebElement.java:257)
at org.openqa.selenium.remote.RemoteWebElement.isDisplayed(RemoteWebElement.java:313)
at org.openqa.selenium.support.pagefactory.internal.LocatingElementHandler.invoke(LocatingElementHandler.java:52)
at com.sun.proxy.$Proxy18.isDisplayed(Unknown Source)
at org.openqa.selenium.support.ui.ExpectedConditions.elementIfVisible(ExpectedConditions.java:307)
at org.openqa.selenium.support.ui.ExpectedConditions.access$000(ExpectedConditions.java:40)
at org.openqa.selenium.support.ui.ExpectedConditions$10.apply(ExpectedConditions.java:293)
at org.openqa.selenium.support.ui.ExpectedConditions$10.apply(ExpectedConditions.java:290)
at org.openqa.selenium.support.ui.ExpectedConditions$23.apply(ExpectedConditions.java:660)
at org.openqa.selenium.support.ui.ExpectedConditions$23.apply(ExpectedConditions.java:656)
at org.openqa.selenium.support.ui.FluentWait.until(FluentWait.java:208)
at utilities.ExplicitWait.elementToBeClickable(ExplicitWait.java:13)
at elementRepository.ManageProduct.explicitWaiteltToBeClikable(ManageProduct.java:185)
at testCases.ManageProductTestCases.verifyAlertOccursWhenMandatoryFieldIsNotEntered(ManageProductTestCases.java:127)
at java.base/java.util.ArrayList.forEach(ArrayList.java:1540)
at java.base/java.util.concurrent.FutureTask.run(FutureTask.java:264)
at java.base/java.util.concurrent.ThreadPoolExecutor.runWorker(ThreadPoolExecutor.java:1128)
at java.base/java.util.concurrent.ThreadPoolExecutor$Worker.run(ThreadPoolExecutor.java:628)
at java.base/java.lang.Thread.run(Thread.java:835)
... Removed 26 stack frames]]>
    </failure>
  </testcase> <!-- verifyAlertOccursWhenMandatoryFieldIsNotEntered -->
  <testcase classname="testCases.ManageExpenseExpenseCategoryTestCase" name="verifyAnExpenseCategoryCanBeSearched" time="2.502"/>
  <testcase classname="testCases.ManageSliderPageTestCase" name="verifyImageUploadedIsSameAsShownInTable" time="9.205"/>
  <testcase classname="testCases.ManageContent_PagesTestCase" name="verifyLinkContentFromDescriptionIsVisibleInNewPage" time="7.24"/>
  <testcase classname="testCases.ManageExpenseExpenseCategoryTestCase" name="verifyNewExpenseCategoryCanBeAdded" time="3.759"/>
  <testcase classname="testCases.ManageProductTestCases" name="verifyNewProductCanBeAddedWithMandatoryFields" time="9.528">
    <failure type="org.openqa.selenium.NoSuchElementException" message="Cannot locate option with text: Egg
For documentation on this error, please visit: https://selenium.dev/exceptions/#no_such_element
Build info: version: &amp;apos;4.5.0&amp;apos;, revision: &amp;apos;fe167b119a&amp;apos;
System info: os.name: &amp;apos;Windows 10&amp;apos;, os.arch: &amp;apos;amd64&amp;apos;, os.version: &amp;apos;10.0&amp;apos;, java.version: &amp;apos;12.0.2&amp;apos;
Driver info: driver.version: unknown">
      <![CDATA[org.openqa.selenium.NoSuchElementException: Cannot locate option with text: Egg
For documentation on this error, please visit: https://selenium.dev/exceptions/#no_such_element
Build info: version: '4.5.0', revision: 'fe167b119a'
System info: os.name: 'Windows 10', os.arch: 'amd64', os.version: '10.0', java.version: '12.0.2'
Driver info: driver.version: unknown
at org.openqa.selenium.support.ui.Select.selectByVisibleText(Select.java:155)
at utilities.GeneralUtilities.selectValueFromDropdown(GeneralUtilities.java:48)
at elementRepository.ManageProduct.getValueFromSubCategory(ManageProduct.java:115)
at testCases.ManageProductTestCases.verifyNewProductCanBeAddedWithMandatoryFields(ManageProductTestCases.java:74)
at java.base/java.util.ArrayList.forEach(ArrayList.java:1540)
at java.base/java.util.concurrent.FutureTask.run(FutureTask.java:264)
at java.base/java.util.concurrent.ThreadPoolExecutor.runWorker(ThreadPoolExecutor.java:1128)
at java.base/java.util.concurrent.ThreadPoolExecutor$Worker.run(ThreadPoolExecutor.java:628)
at java.base/java.lang.Thread.run(Thread.java:835)
... Removed 17 stack frames]]>
    </failure>
  </testcase> <!-- verifyNewProductCanBeAddedWithMandatoryFields -->
  <testcase classname="testCases.ManageExpense_ManageExpenseTestCase" name="verifyNewReportTabIsOpeningWhileClickingReportButton" time="7.385"/>
  <testcase classname="testCases.ManageUsersTestCase" name="verifyPasswordOfUser" time="6.364"/>
  <testcase classname="testCases.PushNotificationTestCase" name="verifyPushNotificationInformationsCanBeResetUsingCSSSelector" time="2.913"/>
  <testcase classname="testCases.PushNotificationTestCase" name="verifyPushNotificationInformationsCanBeSendUsingCSSSelector" time="2.653"/>
  <testcase classname="testCases.ManageOrdersPageTestCase" name="verifySearchOrdersListCanBeSearchedWithStartDate" time="2.881">
    <failure type="java.lang.AssertionError" message="::Payment Mode count is not as expected:: expected [11] but found [8]">
      <![CDATA[java.lang.AssertionError: ::Payment Mode count is not as expected:: expected [11] but found [8]
at testCases.ManageOrdersPageTestCase.verifySearchOrdersListCanBeSearchedWithStartDate(ManageOrdersPageTestCase.java:60)
at java.base/java.util.ArrayList.forEach(ArrayList.java:1540)
at java.base/java.util.concurrent.FutureTask.run(FutureTask.java:264)
at java.base/java.util.concurrent.ThreadPoolExecutor.runWorker(ThreadPoolExecutor.java:1128)
at java.base/java.util.concurrent.ThreadPoolExecutor$Worker.run(ThreadPoolExecutor.java:628)
at java.base/java.lang.Thread.run(Thread.java:835)
... Removed 22 stack frames]]>
    </failure>
  </testcase> <!-- verifySearchOrdersListCanBeSearchedWithStartDate -->
  <testcase classname="testCases.ManageProductTestCases" name="verifySearchUsingMandatoryFields" time="17.701">
    <failure type="org.openqa.selenium.TimeoutException" message="Expected condition failed: waiting for element to be clickable: Proxy element for: DefaultElementLocator &amp;apos;By.xpath: //select[@id=&amp;apos;sub_id&amp;apos;]&amp;apos; (tried for 10 second(s) with 500 milliseconds interval)">
      <![CDATA[org.openqa.selenium.TimeoutException: Expected condition failed: waiting for element to be clickable: Proxy element for: DefaultElementLocator 'By.xpath: //select[@id='sub_id']' (tried for 10 second(s) with 500 milliseconds interval)
at org.openqa.selenium.support.ui.WebDriverWait.timeoutException(WebDriverWait.java:87)
at org.openqa.selenium.support.ui.FluentWait.until(FluentWait.java:231)
at utilities.ExplicitWait.elementToBeClickable(ExplicitWait.java:13)
at elementRepository.ManageProduct.explicitWaiteltToBeClikable(ManageProduct.java:185)
at testCases.ManageProductTestCases.verifySearchUsingMandatoryFields(ManageProductTestCases.java:101)
at java.base/java.util.ArrayList.forEach(ArrayList.java:1540)
at java.base/java.util.concurrent.FutureTask.run(FutureTask.java:264)
at java.base/java.util.concurrent.ThreadPoolExecutor.runWorker(ThreadPoolExecutor.java:1128)
at java.base/java.util.concurrent.ThreadPoolExecutor$Worker.run(ThreadPoolExecutor.java:628)
at java.base/java.lang.Thread.run(Thread.java:835)
Caused by: org.openqa.selenium.NoSuchElementException: no such element: Unable to locate element: {"method":"xpath","selector":"//select[@id='sub_id']"}
  (Session info: chrome=108.0.5359.125)
For documentation on this error, please visit: https://selenium.dev/exceptions/#no_such_element
Build info: version: '4.5.0', revision: 'fe167b119a'
System info: os.name: 'Windows 10', os.arch: 'amd64', os.version: '10.0', java.version: '12.0.2'
Driver info: org.openqa.selenium.chrome.ChromeDriver
Command: [688e1f0aaadcb810c18a3bea05a792dc, findElement {using=xpath, value=//select[@id='sub_id']}]
Capabilities {acceptInsecureCerts: false, browserName: chrome, browserVersion: 108.0.5359.125, chrome: {chromedriverVersion: 107.0.5304.62 (1eec40d3a576..., userDataDir: C:\Users\INDUM~1\AppData\Lo...}, goog:chromeOptions: {debuggerAddress: localhost:62727}, networkConnectionEnabled: false, pageLoadStrategy: normal, platformName: WINDOWS, proxy: Proxy(), se:cdp: ws://localhost:62727/devtoo..., se:cdpVersion: 108.0.5359.125, setWindowRect: true, strictFileInteractability: false, timeouts: {implicit: 0, pageLoad: 300000, script: 30000}, unhandledPromptBehavior: dismiss and notify, webauthn:extension:credBlob: true, webauthn:extension:largeBlob: true, webauthn:virtualAuthenticators: true}
Session ID: 688e1f0aaadcb810c18a3bea05a792dc
at org.openqa.selenium.remote.codec.w3c.W3CHttpResponseCodec.createException(W3CHttpResponseCodec.java:200)
at org.openqa.selenium.remote.codec.w3c.W3CHttpResponseCodec.decode(W3CHttpResponseCodec.java:133)
at org.openqa.selenium.remote.codec.w3c.W3CHttpResponseCodec.decode(W3CHttpResponseCodec.java:53)
at org.openqa.selenium.remote.HttpCommandExecutor.execute(HttpCommandExecutor.java:184)
at org.openqa.selenium.remote.service.DriverCommandExecutor.invokeExecute(DriverCommandExecutor.java:167)
at org.openqa.selenium.remote.service.DriverCommandExecutor.execute(DriverCommandExecutor.java:142)
at org.openqa.selenium.remote.RemoteWebDriver.execute(RemoteWebDriver.java:547)
at org.openqa.selenium.remote.ElementLocation$ElementFinder$2.findElement(ElementLocation.java:162)
at org.openqa.selenium.remote.ElementLocation.findElement(ElementLocation.java:60)
at org.openqa.selenium.remote.RemoteWebDriver.findElement(RemoteWebDriver.java:365)
at org.openqa.selenium.remote.RemoteWebDriver.findElement(RemoteWebDriver.java:357)
at org.openqa.selenium.support.pagefactory.DefaultElementLocator.findElement(DefaultElementLocator.java:70)
at org.openqa.selenium.support.pagefactory.internal.LocatingElementHandler.invoke(LocatingElementHandler.java:39)
at com.sun.proxy.$Proxy18.isDisplayed(Unknown Source)
at org.openqa.selenium.support.ui.ExpectedConditions.elementIfVisible(ExpectedConditions.java:307)
at org.openqa.selenium.support.ui.ExpectedConditions.access$000(ExpectedConditions.java:40)
at org.openqa.selenium.support.ui.ExpectedConditions$10.apply(ExpectedConditions.java:293)
at org.openqa.selenium.support.ui.ExpectedConditions$10.apply(ExpectedConditions.java:290)
at org.openqa.selenium.support.ui.ExpectedConditions$23.apply(ExpectedConditions.java:660)
at org.openqa.selenium.support.ui.ExpectedConditions$23.apply(ExpectedConditions.java:656)
at org.openqa.selenium.support.ui.FluentWait.until(FluentWait.java:208)
... 25 more
... Removed 22 stack frames]]>
    </failure>
  </testcase> <!-- verifySearchUsingMandatoryFields -->
  <testcase classname="testCases.DashboardPageTestCase" name="verifyTheBackgroundColorOfDashboard" time="0.763"/>
  <testcase classname="testCases.DashboardPageTestCase" name="verifyTheFontSizeOfManagePages" time="0.805"/>
  <testcase classname="testCases.DashboardPageTestCase" name="verifyTheFontTypeOfManageProduct" time="0.765"/>
  <testcase classname="testCases.ManageExpenseExpenseCategoryTestCase" name="verifyTotalCategoryCount" time="11.469">
    <failure type="java.lang.AssertionError" message="fgf expected [127] but found [120]">
      <![CDATA[java.lang.AssertionError: fgf expected [127] but found [120]
at testCases.ManageExpenseExpenseCategoryTestCase.verifyTotalCategoryCount(ManageExpenseExpenseCategoryTestCase.java:91)
at java.base/java.util.ArrayList.forEach(ArrayList.java:1540)
at java.base/java.util.concurrent.FutureTask.run(FutureTask.java:264)
at java.base/java.util.concurrent.ThreadPoolExecutor.runWorker(ThreadPoolExecutor.java:1128)
at java.base/java.util.concurrent.ThreadPoolExecutor$Worker.run(ThreadPoolExecutor.java:628)
at java.base/java.lang.Thread.run(Thread.java:835)
... Removed 21 stack frames]]>
    </failure>
  </testcase> <!-- verifyTotalCategoryCount -->
  <testcase classname="testCases.ManageProductTestCases" name="verifyTotalProductsListIsSameAsListed" time="9.712">
    <failure type="org.openqa.selenium.StaleElementReferenceException" message="stale element reference: element is not attached to the page document
  (Session info: chrome=108.0.5359.125)
For documentation on this error, please visit: https://selenium.dev/exceptions/#stale_element_reference
Build info: version: &amp;apos;4.5.0&amp;apos;, revision: &amp;apos;fe167b119a&amp;apos;
System info: os.name: &amp;apos;Windows 10&amp;apos;, os.arch: &amp;apos;amd64&amp;apos;, os.version: &amp;apos;10.0&amp;apos;, java.version: &amp;apos;12.0.2&amp;apos;
Driver info: org.openqa.selenium.chrome.ChromeDriver
Command: [aa0f731b94fa077aca35dd0e9bd14b08, findChildElements {id=e5691198-27d0-4e53-8342-86bf406e5cb1, using=xpath, value=.//option[normalize-space(.) = &amp;quot;Egg&amp;quot;]}]
Capabilities {acceptInsecureCerts: false, browserName: chrome, browserVersion: 108.0.5359.125, chrome: {chromedriverVersion: 107.0.5304.62 (1eec40d3a576..., userDataDir: C:\Users\INDUM~1\AppData\Lo...}, goog:chromeOptions: {debuggerAddress: localhost:63010}, networkConnectionEnabled: false, pageLoadStrategy: normal, platformName: WINDOWS, proxy: Proxy(), se:cdp: ws://localhost:63010/devtoo..., se:cdpVersion: 108.0.5359.125, setWindowRect: true, strictFileInteractability: false, timeouts: {implicit: 0, pageLoad: 300000, script: 30000}, unhandledPromptBehavior: dismiss and notify, webauthn:extension:credBlob: true, webauthn:extension:largeBlob: true, webauthn:virtualAuthenticators: true}
Session ID: aa0f731b94fa077aca35dd0e9bd14b08">
      <![CDATA[org.openqa.selenium.StaleElementReferenceException: stale element reference: element is not attached to the page document
  (Session info: chrome=108.0.5359.125)
For documentation on this error, please visit: https://selenium.dev/exceptions/#stale_element_reference
Build info: version: '4.5.0', revision: 'fe167b119a'
System info: os.name: 'Windows 10', os.arch: 'amd64', os.version: '10.0', java.version: '12.0.2'
Driver info: org.openqa.selenium.chrome.ChromeDriver
Command: [aa0f731b94fa077aca35dd0e9bd14b08, findChildElements {id=e5691198-27d0-4e53-8342-86bf406e5cb1, using=xpath, value=.//option[normalize-space(.) = "Egg"]}]
Capabilities {acceptInsecureCerts: false, browserName: chrome, browserVersion: 108.0.5359.125, chrome: {chromedriverVersion: 107.0.5304.62 (1eec40d3a576..., userDataDir: C:\Users\INDUM~1\AppData\Lo...}, goog:chromeOptions: {debuggerAddress: localhost:63010}, networkConnectionEnabled: false, pageLoadStrategy: normal, platformName: WINDOWS, proxy: Proxy(), se:cdp: ws://localhost:63010/devtoo..., se:cdpVersion: 108.0.5359.125, setWindowRect: true, strictFileInteractability: false, timeouts: {implicit: 0, pageLoad: 300000, script: 30000}, unhandledPromptBehavior: dismiss and notify, webauthn:extension:credBlob: true, webauthn:extension:largeBlob: true, webauthn:virtualAuthenticators: true}
Session ID: aa0f731b94fa077aca35dd0e9bd14b08
at org.openqa.selenium.remote.codec.w3c.W3CHttpResponseCodec.createException(W3CHttpResponseCodec.java:200)
at org.openqa.selenium.remote.codec.w3c.W3CHttpResponseCodec.decode(W3CHttpResponseCodec.java:133)
at org.openqa.selenium.remote.codec.w3c.W3CHttpResponseCodec.decode(W3CHttpResponseCodec.java:53)
at org.openqa.selenium.remote.HttpCommandExecutor.execute(HttpCommandExecutor.java:184)
at org.openqa.selenium.remote.service.DriverCommandExecutor.invokeExecute(DriverCommandExecutor.java:167)
at org.openqa.selenium.remote.service.DriverCommandExecutor.execute(DriverCommandExecutor.java:142)
at org.openqa.selenium.remote.RemoteWebDriver.execute(RemoteWebDriver.java:547)
at org.openqa.selenium.remote.ElementLocation$ElementFinder$2.findElements(ElementLocation.java:179)
at org.openqa.selenium.remote.ElementLocation.findElements(ElementLocation.java:102)
at org.openqa.selenium.remote.RemoteWebDriver.findElements(RemoteWebDriver.java:380)
at org.openqa.selenium.remote.RemoteWebElement.findElements(RemoteWebElement.java:219)
at org.openqa.selenium.support.pagefactory.internal.LocatingElementHandler.invoke(LocatingElementHandler.java:52)
at com.sun.proxy.$Proxy18.findElements(Unknown Source)
at org.openqa.selenium.support.ui.Select.selectByVisibleText(Select.java:118)
at utilities.GeneralUtilities.selectValueFromDropdown(GeneralUtilities.java:48)
at elementRepository.ManageProduct.getValueFromSubCategory(ManageProduct.java:115)
at testCases.ManageProductTestCases.verifyTotalProductsListIsSameAsListed(ManageProductTestCases.java:42)
at java.base/java.util.ArrayList.forEach(ArrayList.java:1540)
at java.base/java.util.concurrent.FutureTask.run(FutureTask.java:264)
at java.base/java.util.concurrent.ThreadPoolExecutor.runWorker(ThreadPoolExecutor.java:1128)
at java.base/java.util.concurrent.ThreadPoolExecutor$Worker.run(ThreadPoolExecutor.java:628)
at java.base/java.lang.Thread.run(Thread.java:835)
... Removed 26 stack frames]]>
    </failure>
  </testcase> <!-- verifyTotalProductsListIsSameAsListed -->
  <testcase classname="testCases.AdminUsersTestCase" name="verifyWhetherANewUserIsAbleToLoginToApplication" time="3.212"/>
  <testcase classname="testCases.LoginPageTestCase" name="verifySignInWithValidCredentials" time="1.192"/>
  <testcase classname="testCases.LoginPageTestCase" name="verifySignInPageTitle" time="0.724"/>
  <testcase classname="testCases.LoginPageTestCase" name="verifySignInPageURL" time="1.009"/>
  <testcase classname="testCases.LoginPageTestCase" name="verifySignInWithIncorrectCredentials" time="0.495"/>
  <testcase classname="testCases.LoginPageTestCase" name="verifySignInWithIncorrectCredentials" time="0.482"/>
  <testcase classname="testCases.LoginPageTestCase" name="verifySignInWithIncorrectCredentials" time="0.537"/>
  <testcase classname="testCases.LoginPageTestCase" name="verifySignInText" time="0.028"/>
  <testcase classname="testCases.LoginPageTestCase" name="verifyRememberMeCheckboxIsSelectedOrNot" time="0.235">
    <failure type="java.lang.AssertionError" message="The following asserts failed:
	::Checkbox not returned as expected:: expected [true] but found [false]">
      <![CDATA[java.lang.AssertionError: The following asserts failed:
::Checkbox not returned as expected:: expected [true] but found [false]
at testCases.LoginPageTestCase.verifyRememberMeCheckboxIsSelectedOrNot(LoginPageTestCase.java:102)
at java.base/java.util.ArrayList.forEach(ArrayList.java:1540)
at java.base/java.util.concurrent.FutureTask.run(FutureTask.java:264)
at java.base/java.util.concurrent.ThreadPoolExecutor.runWorker(ThreadPoolExecutor.java:1128)
at java.base/java.util.concurrent.ThreadPoolExecutor$Worker.run(ThreadPoolExecutor.java:628)
at java.base/java.lang.Thread.run(Thread.java:835)
... Removed 19 stack frames]]>
    </failure>
  </testcase> <!-- verifyRememberMeCheckboxIsSelectedOrNot -->
  <testcase classname="testCases.ManageOrdersPageTestCase" name="verifyThatUserGetAnAlertMessageduringDeleteClick" time="0.0">
    <ignored/>
  </testcase> <!-- verifyThatUserGetAnAlertMessageduringDeleteClick -->
  <testcase classname="testCases.ManageOrdersPageTestCase" name="verifyManageOrderPageHighlight" time="0.0">
    <ignored/>
  </testcase> <!-- verifyManageOrderPageHighlight -->
  <testcase classname="testCases.ManageOrdersPageTestCase" name="verifyDropdownOfPaymentMode" time="0.0">
    <ignored/>
  </testcase> <!-- verifyDropdownOfPaymentMode -->
</testsuite> <!-- ChromeTest -->
