<?xml version="1.0" encoding="UTF-8"?>
<!-- Generated by org.testng.reporters.JUnitReportReporter -->
<testsuite hostname="DESKTOP-IBDLSNL" failures="1" tests="8" name="testCases.LoginPageTestCase" time="47.655" errors="0" timestamp="2023-01-02T21:45:29 IST" skipped="0">
  <testcase classname="testCases.LoginPageTestCase" name="verifySignInWithValidCredentials" time="4.554"/>
  <system-out/>
  <testcase classname="testCases.LoginPageTestCase" name="verifySignInPageTitle" time="3.461"/>
  <system-out/>
  <testcase classname="testCases.LoginPageTestCase" name="verifySignInPageURL" time="3.727"/>
  <system-out/>
  <testcase classname="testCases.LoginPageTestCase" name="verifySignInWithIncorrectCredentials" time="3.775"/>
  <system-out/>
  <testcase classname="testCases.LoginPageTestCase" name="verifySignInWithIncorrectCredentials" time="5.942"/>
  <system-out/>
  <testcase classname="testCases.LoginPageTestCase" name="verifySignInWithIncorrectCredentials" time="3.041"/>
  <system-out/>
  <testcase classname="testCases.LoginPageTestCase" name="verifySignInText" time="19.028"/>
  <system-out/>
  <testcase classname="testCases.LoginPageTestCase" name="verifyRememberMeCheckboxIsSelectedOrNot" time="4.127">
    <failure message="The following asserts failed:
	::Checkbox not returned as expected:: expected [true] but found [false]" type="java.lang.AssertionError">
      <![CDATA[java.lang.AssertionError: The following asserts failed:
::Checkbox not returned as expected:: expected [true] but found [false]
at org.testng.asserts.SoftAssert.assertAll(SoftAssert.java:46)
at org.testng.asserts.SoftAssert.assertAll(SoftAssert.java:30)
at testCases.LoginPageTestCase.verifyRememberMeCheckboxIsSelectedOrNot(LoginPageTestCase.java:102)
at java.base/jdk.internal.reflect.NativeMethodAccessorImpl.invoke0(Native Method)
at java.base/jdk.internal.reflect.NativeMethodAccessorImpl.invoke(NativeMethodAccessorImpl.java:62)
at java.base/jdk.internal.reflect.DelegatingMethodAccessorImpl.invoke(DelegatingMethodAccessorImpl.java:43)
at java.base/java.lang.reflect.Method.invoke(Method.java:567)
at org.testng.internal.invokers.MethodInvocationHelper.invokeMethod(MethodInvocationHelper.java:139)
at org.testng.internal.invokers.TestInvoker.invokeMethod(TestInvoker.java:677)
at org.testng.internal.invokers.TestInvoker.invokeTestMethod(TestInvoker.java:221)
at org.testng.internal.invokers.MethodRunner.runInSequence(MethodRunner.java:50)
at org.testng.internal.invokers.TestInvoker$MethodInvocationAgent.invoke(TestInvoker.java:962)
at org.testng.internal.invokers.TestInvoker.invokeTestMethods(TestInvoker.java:194)
at org.testng.internal.invokers.TestMethodWorker.invokeTestMethods(TestMethodWorker.java:148)
at org.testng.internal.invokers.TestMethodWorker.run(TestMethodWorker.java:128)
at java.base/java.util.ArrayList.forEach(ArrayList.java:1540)
at org.testng.TestRunner.privateRun(TestRunner.java:806)
at org.testng.TestRunner.run(TestRunner.java:601)
at org.testng.SuiteRunner.runTest(SuiteRunner.java:433)
at org.testng.SuiteRunner$SuiteWorker.run(SuiteRunner.java:471)
at org.testng.internal.thread.ThreadUtil.lambda$execute$0(ThreadUtil.java:58)
at java.base/java.util.concurrent.FutureTask.run(FutureTask.java:264)
at java.base/java.util.concurrent.ThreadPoolExecutor.runWorker(ThreadPoolExecutor.java:1128)
at java.base/java.util.concurrent.ThreadPoolExecutor$Worker.run(ThreadPoolExecutor.java:628)
at java.base/java.lang.Thread.run(Thread.java:835)
]]>
    </failure>
  </testcase> <!-- verifyRememberMeCheckboxIsSelectedOrNot -->
  <system-out/>
</testsuite> <!-- testCases.LoginPageTestCase -->
