<?xml version="1.0" encoding="UTF-8"?>
<!-- Generated by org.testng.reporters.JUnitXMLReporter -->
<testsuite ignored="0" hostname="DESKTOP-IBDLSNL" failures="3" tests="25" name="ChromeTest" time="438.063" errors="0" timestamp="2022-12-25T22:48:59 IST">
  <testcase classname="testCases.AdminUsersTestCase" name="verifyWhetherANewUserIsAbleToLoginToApplication" time="8.688"/>
  <testcase classname="testCases.DashboardPageTestCase" name="verifyTheBackgroundColorOfDashboard" time="3.478"/>
  <testcase classname="testCases.DashboardPageTestCase" name="verifyTheFontSizeOfManagePages" time="1.131"/>
  <testcase classname="testCases.DashboardPageTestCase" name="verifyTheFontTypeOfManageProduct" time="2.269"/>
  <testcase classname="testCases.LoginPageTestCase" name="verifyRememberMeCheckboxIsSelectedOrNot" time="0.132">
    <failure type="java.lang.AssertionError" message="The following asserts failed:
	::Checkbox not returned as expected:: expected [true] but found [false]">
      <![CDATA[java.lang.AssertionError: The following asserts failed:
::Checkbox not returned as expected:: expected [true] but found [false]
at testCases.LoginPageTestCase.verifyRememberMeCheckboxIsSelectedOrNot(LoginPageTestCase.java:102)
at java.base/java.util.ArrayList.forEach(ArrayList.java:1540)
at java.base/java.util.concurrent.FutureTask.run(FutureTask.java:264)
at java.base/java.util.concurrent.ThreadPoolExecutor.runWorker(ThreadPoolExecutor.java:1128)
at java.base/java.util.concurrent.ThreadPoolExecutor$Worker.run(ThreadPoolExecutor.java:628)
at java.base/java.lang.Thread.run(Thread.java:835)
... Removed 19 stack frames]]>
    </failure>
  </testcase> <!-- verifyRememberMeCheckboxIsSelectedOrNot -->
  <testcase classname="testCases.LoginPageTestCase" name="verifySignInPageTitle" time="6.923"/>
  <testcase classname="testCases.LoginPageTestCase" name="verifySignInPageURL" time="2.246"/>
  <testcase classname="testCases.LoginPageTestCase" name="verifySignInText" time="0.016"/>
  <testcase classname="testCases.LoginPageTestCase" name="verifySignInWithIncorrectCredentials" time="0.466"/>
  <testcase classname="testCases.LoginPageTestCase" name="verifySignInWithIncorrectCredentials" time="0.499"/>
  <testcase classname="testCases.LoginPageTestCase" name="verifySignInWithIncorrectCredentials" time="0.505"/>
  <testcase classname="testCases.LoginPageTestCase" name="verifySignInWithValidCredentials" time="4.853"/>
  <testcase classname="testCases.ManageContent_PagesTestCase" name="verifyLinkContentFromDescriptionIsVisibleInNewPage" time="36.545"/>
  <testcase classname="testCases.ManageExpense_ManageExpenseTestCase" name="verifyNewReportTabIsOpeningWhileClickingReportButton" time="11.331"/>
  <testcase classname="testCases.ManageExpenseExpenseCategoryTestCase" name="verifyAddedCategoryCanBeModified" time="4.245"/>
  <testcase classname="testCases.ManageExpenseExpenseCategoryTestCase" name="verifyAnExpenseCategoryCanBeSearched" time="5.847"/>
  <testcase classname="testCases.ManageExpenseExpenseCategoryTestCase" name="verifyNewExpenseCategoryCanBeAdded" time="7.455"/>
  <testcase classname="testCases.ManageOrdersPageTestCase" name="verifyDropdownOfPaymentMode" time="8.605"/>
  <testcase classname="testCases.ManageOrdersPageTestCase" name="verifyManageOrderPageHighlight" time="6.571"/>
  <testcase classname="testCases.ManageOrdersPageTestCase" name="verifyThatUserGetAnAlertMessageduringDeleteClick" time="11.257"/>
  <testcase classname="testCases.ManageProductTestCases" name="verifyTotalProductsListIsSameAsListed" time="11.909">
    <failure type="org.openqa.selenium.StaleElementReferenceException" message="stale element reference: element is not attached to the page document
  (Session info: chrome=108.0.5359.125)
For documentation on this error, please visit: https://selenium.dev/exceptions/#stale_element_reference
Build info: version: &amp;apos;4.5.0&amp;apos;, revision: &amp;apos;fe167b119a&amp;apos;
System info: os.name: &amp;apos;Windows 10&amp;apos;, os.arch: &amp;apos;amd64&amp;apos;, os.version: &amp;apos;10.0&amp;apos;, java.version: &amp;apos;12.0.2&amp;apos;
Driver info: org.openqa.selenium.chrome.ChromeDriver
Command: [6cd3a0c52e67f7cd8d030fa58e6ecddd, findChildElements {id=df97041b-fa90-4f2e-bc86-8d0464e23131, using=xpath, value=.//option[normalize-space(.) = &amp;quot;Egg&amp;quot;]}]
Capabilities {acceptInsecureCerts: false, browserName: chrome, browserVersion: 108.0.5359.125, chrome: {chromedriverVersion: 107.0.5304.62 (1eec40d3a576..., userDataDir: C:\Users\INDUM~1\AppData\Lo...}, goog:chromeOptions: {debuggerAddress: localhost:55770}, networkConnectionEnabled: false, pageLoadStrategy: normal, platformName: WINDOWS, proxy: Proxy(), se:cdp: ws://localhost:55770/devtoo..., se:cdpVersion: 108.0.5359.125, setWindowRect: true, strictFileInteractability: false, timeouts: {implicit: 0, pageLoad: 300000, script: 30000}, unhandledPromptBehavior: dismiss and notify, webauthn:extension:credBlob: true, webauthn:extension:largeBlob: true, webauthn:virtualAuthenticators: true}
Session ID: 6cd3a0c52e67f7cd8d030fa58e6ecddd">
      <![CDATA[org.openqa.selenium.StaleElementReferenceException: stale element reference: element is not attached to the page document
  (Session info: chrome=108.0.5359.125)
For documentation on this error, please visit: https://selenium.dev/exceptions/#stale_element_reference
Build info: version: '4.5.0', revision: 'fe167b119a'
System info: os.name: 'Windows 10', os.arch: 'amd64', os.version: '10.0', java.version: '12.0.2'
Driver info: org.openqa.selenium.chrome.ChromeDriver
Command: [6cd3a0c52e67f7cd8d030fa58e6ecddd, findChildElements {id=df97041b-fa90-4f2e-bc86-8d0464e23131, using=xpath, value=.//option[normalize-space(.) = "Egg"]}]
Capabilities {acceptInsecureCerts: false, browserName: chrome, browserVersion: 108.0.5359.125, chrome: {chromedriverVersion: 107.0.5304.62 (1eec40d3a576..., userDataDir: C:\Users\INDUM~1\AppData\Lo...}, goog:chromeOptions: {debuggerAddress: localhost:55770}, networkConnectionEnabled: false, pageLoadStrategy: normal, platformName: WINDOWS, proxy: Proxy(), se:cdp: ws://localhost:55770/devtoo..., se:cdpVersion: 108.0.5359.125, setWindowRect: true, strictFileInteractability: false, timeouts: {implicit: 0, pageLoad: 300000, script: 30000}, unhandledPromptBehavior: dismiss and notify, webauthn:extension:credBlob: true, webauthn:extension:largeBlob: true, webauthn:virtualAuthenticators: true}
Session ID: 6cd3a0c52e67f7cd8d030fa58e6ecddd
at org.openqa.selenium.remote.codec.w3c.W3CHttpResponseCodec.createException(W3CHttpResponseCodec.java:200)
at org.openqa.selenium.remote.codec.w3c.W3CHttpResponseCodec.decode(W3CHttpResponseCodec.java:133)
at org.openqa.selenium.remote.codec.w3c.W3CHttpResponseCodec.decode(W3CHttpResponseCodec.java:53)
at org.openqa.selenium.remote.HttpCommandExecutor.execute(HttpCommandExecutor.java:184)
at org.openqa.selenium.remote.service.DriverCommandExecutor.invokeExecute(DriverCommandExecutor.java:167)
at org.openqa.selenium.remote.service.DriverCommandExecutor.execute(DriverCommandExecutor.java:142)
at org.openqa.selenium.remote.RemoteWebDriver.execute(RemoteWebDriver.java:547)
at org.openqa.selenium.remote.ElementLocation$ElementFinder$2.findElements(ElementLocation.java:179)
at org.openqa.selenium.remote.ElementLocation.findElements(ElementLocation.java:102)
at org.openqa.selenium.remote.RemoteWebDriver.findElements(RemoteWebDriver.java:380)
at org.openqa.selenium.remote.RemoteWebElement.findElements(RemoteWebElement.java:219)
at org.openqa.selenium.support.pagefactory.internal.LocatingElementHandler.invoke(LocatingElementHandler.java:52)
at com.sun.proxy.$Proxy18.findElements(Unknown Source)
at org.openqa.selenium.support.ui.Select.selectByVisibleText(Select.java:118)
at utilities.GeneralUtilities.selectValueFromDropdown(GeneralUtilities.java:48)
at elementRepository.ManageProduct.getValueFromSubCategory(ManageProduct.java:116)
at testCases.ManageProductTestCases.verifyTotalProductsListIsSameAsListed(ManageProductTestCases.java:44)
at java.base/java.util.ArrayList.forEach(ArrayList.java:1540)
at java.base/java.util.concurrent.FutureTask.run(FutureTask.java:264)
at java.base/java.util.concurrent.ThreadPoolExecutor.runWorker(ThreadPoolExecutor.java:1128)
at java.base/java.util.concurrent.ThreadPoolExecutor$Worker.run(ThreadPoolExecutor.java:628)
at java.base/java.lang.Thread.run(Thread.java:835)
... Removed 26 stack frames]]>
    </failure>
  </testcase> <!-- verifyTotalProductsListIsSameAsListed -->
  <testcase classname="testCases.ManageSliderPageTestCase" name="verifyImageUploadedIsSameAsShownInTable" time="9.963">
    <failure type="java.lang.AssertionError" message="::Image verification is not as expected:: expected [true] but found [https://groceryapp.uniqassosiates.com/public/uploads/small/1671988677_2fd39a52202fb5157f2a.png]">
      <![CDATA[java.lang.AssertionError: ::Image verification is not as expected:: expected [true] but found [https://groceryapp.uniqassosiates.com/public/uploads/small/1671988677_2fd39a52202fb5157f2a.png]
at testCases.ManageSliderPageTestCase.verifyImageUploadedIsSameAsShownInTable(ManageSliderPageTestCase.java:39)
at java.base/java.util.ArrayList.forEach(ArrayList.java:1540)
at java.base/java.util.concurrent.FutureTask.run(FutureTask.java:264)
at java.base/java.util.concurrent.ThreadPoolExecutor.runWorker(ThreadPoolExecutor.java:1128)
at java.base/java.util.concurrent.ThreadPoolExecutor$Worker.run(ThreadPoolExecutor.java:628)
at java.base/java.lang.Thread.run(Thread.java:835)
... Removed 22 stack frames]]>
    </failure>
  </testcase> <!-- verifyImageUploadedIsSameAsShownInTable -->
  <testcase classname="testCases.ManageUsersTestCase" name="verifyActiveUserList" time="10.577"/>
  <testcase classname="testCases.PushNotificationTestCase" name="verifyPushNotificationInformationsCanBeResetUsingCSSSelector" time="4.241"/>
  <testcase classname="testCases.PushNotificationTestCase" name="verifyPushNotificationInformationsCanBeSendUsingCSSSelector" time="4.29"/>
</testsuite> <!-- ChromeTest -->
