<html>
<head>
<title>TestNG:  ChromeTest</title>
<link href="../testng.css" rel="stylesheet" type="text/css" />
<link href="../my-testng.css" rel="stylesheet" type="text/css" />

<style type="text/css">
.log { display: none;} 
.stack-trace { display: none;} 
</style>
<script type="text/javascript">
<!--
function flip(e) {
  current = e.style.display;
  if (current == 'block') {
    e.style.display = 'none';
    return 0;
  }
  else {
    e.style.display = 'block';
    return 1;
  }
}

function toggleBox(szDivId, elem, msg1, msg2)
{
  var res = -1;  if (document.getElementById) {
    res = flip(document.getElementById(szDivId));
  }
  else if (document.all) {
    // this is the way old msie versions work
    res = flip(document.all[szDivId]);
  }
  if(elem) {
    if(res == 0) elem.innerHTML = msg1; else elem.innerHTML = msg2;
  }

}

function toggleAllBoxes() {
  if (document.getElementsByTagName) {
    d = document.getElementsByTagName('div');
    for (i = 0; i < d.length; i++) {
      if (d[i].className == 'log') {
        flip(d[i]);
      }
    }
  }
}

// -->
</script>

</head>
<body>
<h2 align='center'>ChromeTest</h2><table border='1' align="center">
<tr>
<td>Tests passed/Failed/Skipped:</td><td>22/3/0</td>
</tr><tr>
<td>Started on:</td><td>Sun Dec 25 22:41:40 IST 2022</td>
</tr>
<tr><td>Total time:</td><td>438 seconds (438063 ms)</td>
</tr><tr>
<td>Included groups:</td><td></td>
</tr><tr>
<td>Excluded groups:</td><td></td>
</tr>
</table><p/>
<small><i>(Hover the method name to see the test class name)</i></small><p/>
<table width='100%' border='1' class='invocation-failed'>
<tr><td colspan='4' align='center'><b>FAILED TESTS</b></td></tr>
<tr><td><b>Test method</b></td>
<td><b>Attribute(s)</b></td>
<td width="30%"><b>Exception</b></td>
<td width="10%"><b>Time (seconds)</b></td>
<td><b>Instance</b></td>
</tr>
<tr>
<td title='testCases.LoginPageTestCase.verifyRememberMeCheckboxIsSelectedOrNot()'><b>verifyRememberMeCheckboxIsSelectedOrNot</b><br>Test class: testCases.LoginPageTestCase</td>
<td><div><pre>java.lang.AssertionError: The following asserts failed:
	::Checkbox not returned as expected:: expected [true] but found [false]
	at testCases.LoginPageTestCase.verifyRememberMeCheckboxIsSelectedOrNot(LoginPageTestCase.java:102)
	at java.base/java.util.ArrayList.forEach(ArrayList.java:1540)
	at java.base/java.util.concurrent.FutureTask.run(FutureTask.java:264)
	at java.base/java.util.concurrent.ThreadPoolExecutor.runWorker(ThreadPoolExecutor.java:1128)
	at java.base/java.util.concurrent.ThreadPoolExecutor$Worker.run(ThreadPoolExecutor.java:628)
	at java.base/java.lang.Thread.run(Thread.java:835)
... Removed 19 stack frames</pre></div><a href='#' onClick='toggleBox("stack-trace687283511", this, "Click to show all stack frames", "Click to hide stack frames")'>Click to show all stack frames</a>
<div class='stack-trace' id='stack-trace687283511'><pre>java.lang.AssertionError: The following asserts failed:
	::Checkbox not returned as expected:: expected [true] but found [false]
	at org.testng.asserts.SoftAssert.assertAll(SoftAssert.java:46)
	at org.testng.asserts.SoftAssert.assertAll(SoftAssert.java:30)
	at testCases.LoginPageTestCase.verifyRememberMeCheckboxIsSelectedOrNot(LoginPageTestCase.java:102)
	at java.base/jdk.internal.reflect.NativeMethodAccessorImpl.invoke0(Native Method)
	at java.base/jdk.internal.reflect.NativeMethodAccessorImpl.invoke(NativeMethodAccessorImpl.java:62)
	at java.base/jdk.internal.reflect.DelegatingMethodAccessorImpl.invoke(DelegatingMethodAccessorImpl.java:43)
	at java.base/java.lang.reflect.Method.invoke(Method.java:567)
	at org.testng.internal.invokers.MethodInvocationHelper.invokeMethod(MethodInvocationHelper.java:139)
	at org.testng.internal.invokers.TestInvoker.invokeMethod(TestInvoker.java:677)
	at org.testng.internal.invokers.TestInvoker.invokeTestMethod(TestInvoker.java:221)
	at org.testng.internal.invokers.MethodRunner.runInSequence(MethodRunner.java:50)
	at org.testng.internal.invokers.TestInvoker$MethodInvocationAgent.invoke(TestInvoker.java:962)
	at org.testng.internal.invokers.TestInvoker.invokeTestMethods(TestInvoker.java:194)
	at org.testng.internal.invokers.TestMethodWorker.invokeTestMethods(TestMethodWorker.java:148)
	at org.testng.internal.invokers.TestMethodWorker.run(TestMethodWorker.java:128)
	at java.base/java.util.ArrayList.forEach(ArrayList.java:1540)
	at org.testng.TestRunner.privateRun(TestRunner.java:806)
	at org.testng.TestRunner.run(TestRunner.java:601)
	at org.testng.SuiteRunner.runTest(SuiteRunner.java:433)
	at org.testng.SuiteRunner$SuiteWorker.run(SuiteRunner.java:471)
	at org.testng.internal.thread.ThreadUtil.lambda$execute$0(ThreadUtil.java:58)
	at java.base/java.util.concurrent.FutureTask.run(FutureTask.java:264)
	at java.base/java.util.concurrent.ThreadPoolExecutor.runWorker(ThreadPoolExecutor.java:1128)
	at java.base/java.util.concurrent.ThreadPoolExecutor$Worker.run(ThreadPoolExecutor.java:628)
	at java.base/java.lang.Thread.run(Thread.java:835)
</pre></div></td>
<td>0</td>
<td>testCases.LoginPageTestCase@2d3379b4</td></tr>
<tr>
<td title='testCases.ManageProductTestCases.verifyTotalProductsListIsSameAsListed()'><b>verifyTotalProductsListIsSameAsListed</b><br>Test class: testCases.ManageProductTestCases</td>
<td><div><pre>org.openqa.selenium.StaleElementReferenceException: stale element reference: element is not attached to the page document
  (Session info: chrome=108.0.5359.125)
For documentation on this error, please visit: https://selenium.dev/exceptions/#stale_element_reference
Build info: version: &apos;4.5.0&apos;, revision: &apos;fe167b119a&apos;
System info: os.name: &apos;Windows 10&apos;, os.arch: &apos;amd64&apos;, os.version: &apos;10.0&apos;, java.version: &apos;12.0.2&apos;
Driver info: org.openqa.selenium.chrome.ChromeDriver
Command: [6cd3a0c52e67f7cd8d030fa58e6ecddd, findChildElements {id=df97041b-fa90-4f2e-bc86-8d0464e23131, using=xpath, value=.//option[normalize-space(.) = &quot;Egg&quot;]}]
Capabilities {acceptInsecureCerts: false, browserName: chrome, browserVersion: 108.0.5359.125, chrome: {chromedriverVersion: 107.0.5304.62 (1eec40d3a576..., userDataDir: C:\Users\INDUM~1\AppData\Lo...}, goog:chromeOptions: {debuggerAddress: localhost:55770}, networkConnectionEnabled: false, pageLoadStrategy: normal, platformName: WINDOWS, proxy: Proxy(), se:cdp: ws://localhost:55770/devtoo..., se:cdpVersion: 108.0.5359.125, setWindowRect: true, strictFileInteractability: false, timeouts: {implicit: 0, pageLoad: 300000, script: 30000}, unhandledPromptBehavior: dismiss and notify, webauthn:extension:credBlob: true, webauthn:extension:largeBlob: true, webauthn:virtualAuthenticators: true}
Session ID: 6cd3a0c52e67f7cd8d030fa58e6ecddd
	at org.openqa.selenium.remote.codec.w3c.W3CHttpResponseCodec.createException(W3CHttpResponseCodec.java:200)
	at org.openqa.selenium.remote.codec.w3c.W3CHttpResponseCodec.decode(W3CHttpResponseCodec.java:133)
	at org.openqa.selenium.remote.codec.w3c.W3CHttpResponseCodec.decode(W3CHttpResponseCodec.java:53)
	at org.openqa.selenium.remote.HttpCommandExecutor.execute(HttpCommandExecutor.java:184)
	at org.openqa.selenium.remote.service.DriverCommandExecutor.invokeExecute(DriverCommandExecutor.java:167)
	at org.openqa.selenium.remote.service.DriverCommandExecutor.execute(DriverCommandExecutor.java:142)
	at org.openqa.selenium.remote.RemoteWebDriver.execute(RemoteWebDriver.java:547)
	at org.openqa.selenium.remote.ElementLocation$ElementFinder$2.findElements(ElementLocation.java:179)
	at org.openqa.selenium.remote.ElementLocation.findElements(ElementLocation.java:102)
	at org.openqa.selenium.remote.RemoteWebDriver.findElements(RemoteWebDriver.java:380)
	at org.openqa.selenium.remote.RemoteWebElement.findElements(RemoteWebElement.java:219)
	at org.openqa.selenium.support.pagefactory.internal.LocatingElementHandler.invoke(LocatingElementHandler.java:52)
	at com.sun.proxy.$Proxy18.findElements(Unknown Source)
	at org.openqa.selenium.support.ui.Select.selectByVisibleText(Select.java:118)
	at utilities.GeneralUtilities.selectValueFromDropdown(GeneralUtilities.java:48)
	at elementRepository.ManageProduct.getValueFromSubCategory(ManageProduct.java:116)
	at testCases.ManageProductTestCases.verifyTotalProductsListIsSameAsListed(ManageProductTestCases.java:44)
	at java.base/java.util.ArrayList.forEach(ArrayList.java:1540)
	at java.base/java.util.concurrent.FutureTask.run(FutureTask.java:264)
	at java.base/java.util.concurrent.ThreadPoolExecutor.runWorker(ThreadPoolExecutor.java:1128)
	at java.base/java.util.concurrent.ThreadPoolExecutor$Worker.run(ThreadPoolExecutor.java:628)
	at java.base/java.lang.Thread.run(Thread.java:835)
... Removed 26 stack frames</pre></div><a href='#' onClick='toggleBox("stack-trace505606250", this, "Click to show all stack frames", "Click to hide stack frames")'>Click to show all stack frames</a>
<div class='stack-trace' id='stack-trace505606250'><pre>org.openqa.selenium.StaleElementReferenceException: stale element reference: element is not attached to the page document
  (Session info: chrome=108.0.5359.125)
For documentation on this error, please visit: https://selenium.dev/exceptions/#stale_element_reference
Build info: version: &apos;4.5.0&apos;, revision: &apos;fe167b119a&apos;
System info: os.name: &apos;Windows 10&apos;, os.arch: &apos;amd64&apos;, os.version: &apos;10.0&apos;, java.version: &apos;12.0.2&apos;
Driver info: org.openqa.selenium.chrome.ChromeDriver
Command: [6cd3a0c52e67f7cd8d030fa58e6ecddd, findChildElements {id=df97041b-fa90-4f2e-bc86-8d0464e23131, using=xpath, value=.//option[normalize-space(.) = &quot;Egg&quot;]}]
Capabilities {acceptInsecureCerts: false, browserName: chrome, browserVersion: 108.0.5359.125, chrome: {chromedriverVersion: 107.0.5304.62 (1eec40d3a576..., userDataDir: C:\Users\INDUM~1\AppData\Lo...}, goog:chromeOptions: {debuggerAddress: localhost:55770}, networkConnectionEnabled: false, pageLoadStrategy: normal, platformName: WINDOWS, proxy: Proxy(), se:cdp: ws://localhost:55770/devtoo..., se:cdpVersion: 108.0.5359.125, setWindowRect: true, strictFileInteractability: false, timeouts: {implicit: 0, pageLoad: 300000, script: 30000}, unhandledPromptBehavior: dismiss and notify, webauthn:extension:credBlob: true, webauthn:extension:largeBlob: true, webauthn:virtualAuthenticators: true}
Session ID: 6cd3a0c52e67f7cd8d030fa58e6ecddd
	at java.base/jdk.internal.reflect.NativeConstructorAccessorImpl.newInstance0(Native Method)
	at java.base/jdk.internal.reflect.NativeConstructorAccessorImpl.newInstance(NativeConstructorAccessorImpl.java:62)
	at java.base/jdk.internal.reflect.DelegatingConstructorAccessorImpl.newInstance(DelegatingConstructorAccessorImpl.java:45)
	at java.base/java.lang.reflect.Constructor.newInstanceWithCaller(Constructor.java:500)
	at java.base/java.lang.reflect.Constructor.newInstance(Constructor.java:481)
	at org.openqa.selenium.remote.codec.w3c.W3CHttpResponseCodec.createException(W3CHttpResponseCodec.java:200)
	at org.openqa.selenium.remote.codec.w3c.W3CHttpResponseCodec.decode(W3CHttpResponseCodec.java:133)
	at org.openqa.selenium.remote.codec.w3c.W3CHttpResponseCodec.decode(W3CHttpResponseCodec.java:53)
	at org.openqa.selenium.remote.HttpCommandExecutor.execute(HttpCommandExecutor.java:184)
	at org.openqa.selenium.remote.service.DriverCommandExecutor.invokeExecute(DriverCommandExecutor.java:167)
	at org.openqa.selenium.remote.service.DriverCommandExecutor.execute(DriverCommandExecutor.java:142)
	at org.openqa.selenium.remote.RemoteWebDriver.execute(RemoteWebDriver.java:547)
	at org.openqa.selenium.remote.ElementLocation$ElementFinder$2.findElements(ElementLocation.java:179)
	at org.openqa.selenium.remote.ElementLocation.findElements(ElementLocation.java:102)
	at org.openqa.selenium.remote.RemoteWebDriver.findElements(RemoteWebDriver.java:380)
	at org.openqa.selenium.remote.RemoteWebElement.findElements(RemoteWebElement.java:219)
	at java.base/jdk.internal.reflect.NativeMethodAccessorImpl.invoke0(Native Method)
	at java.base/jdk.internal.reflect.NativeMethodAccessorImpl.invoke(NativeMethodAccessorImpl.java:62)
	at java.base/jdk.internal.reflect.DelegatingMethodAccessorImpl.invoke(DelegatingMethodAccessorImpl.java:43)
	at java.base/java.lang.reflect.Method.invoke(Method.java:567)
	at org.openqa.selenium.support.pagefactory.internal.LocatingElementHandler.invoke(LocatingElementHandler.java:52)
	at com.sun.proxy.$Proxy18.findElements(Unknown Source)
	at org.openqa.selenium.support.ui.Select.selectByVisibleText(Select.java:118)
	at utilities.GeneralUtilities.selectValueFromDropdown(GeneralUtilities.java:48)
	at elementRepository.ManageProduct.getValueFromSubCategory(ManageProduct.java:116)
	at testCases.ManageProductTestCases.verifyTotalProductsListIsSameAsListed(ManageProductTestCases.java:44)
	at java.base/jdk.internal.reflect.NativeMethodAccessorImpl.invoke0(Native Method)
	at java.base/jdk.internal.reflect.NativeMethodAccessorImpl.invoke(NativeMethodAccessorImpl.java:62)
	at java.base/jdk.internal.reflect.DelegatingMethodAccessorImpl.invoke(DelegatingMethodAccessorImpl.java:43)
	at java.base/java.lang.reflect.Method.invoke(Method.java:567)
	at org.testng.internal.invokers.MethodInvocationHelper.invokeMethod(MethodInvocationHelper.java:139)
	at org.testng.internal.invokers.TestInvoker.invokeMethod(TestInvoker.java:677)
	at org.testng.internal.invokers.TestInvoker.invokeTestMethod(TestInvoker.java:221)
	at org.testng.internal.invokers.MethodRunner.runInSequence(MethodRunner.java:50)
	at org.testng.internal.invokers.TestInvoker$MethodInvocationAgent.invoke(TestInvoker.java:962)
	at org.testng.internal.invokers.TestInvoker.invokeTestMethods(TestInvoker.java:194)
	at org.testng.internal.invokers.TestMethodWorker.invokeTestMethods(TestMethodWorker.java:148)
	at org.testng.internal.invokers.TestMethodWorker.run(TestMethodWorker.java:128)
	at java.base/java.util.ArrayList.forEach(ArrayList.java:1540)
	at org.testng.TestRunner.privateRun(TestRunner.java:806)
	at org.testng.TestRunner.run(TestRunner.java:601)
	at org.testng.SuiteRunner.runTest(SuiteRunner.java:433)
	at org.testng.SuiteRunner$SuiteWorker.run(SuiteRunner.java:471)
	at org.testng.internal.thread.ThreadUtil.lambda$execute$0(ThreadUtil.java:58)
	at java.base/java.util.concurrent.FutureTask.run(FutureTask.java:264)
	at java.base/java.util.concurrent.ThreadPoolExecutor.runWorker(ThreadPoolExecutor.java:1128)
	at java.base/java.util.concurrent.ThreadPoolExecutor$Worker.run(ThreadPoolExecutor.java:628)
	at java.base/java.lang.Thread.run(Thread.java:835)
</pre></div></td>
<td>11</td>
<td>testCases.ManageProductTestCases@62379589</td></tr>
<tr>
<td title='testCases.ManageSliderPageTestCase.verifyImageUploadedIsSameAsShownInTable()'><b>verifyImageUploadedIsSameAsShownInTable</b><br>Test class: testCases.ManageSliderPageTestCase</td>
<td><div><pre>java.lang.AssertionError: ::Image verification is not as expected:: expected [true] but found [https://groceryapp.uniqassosiates.com/public/uploads/small/1671988677_2fd39a52202fb5157f2a.png]
	at testCases.ManageSliderPageTestCase.verifyImageUploadedIsSameAsShownInTable(ManageSliderPageTestCase.java:39)
	at java.base/java.util.ArrayList.forEach(ArrayList.java:1540)
	at java.base/java.util.concurrent.FutureTask.run(FutureTask.java:264)
	at java.base/java.util.concurrent.ThreadPoolExecutor.runWorker(ThreadPoolExecutor.java:1128)
	at java.base/java.util.concurrent.ThreadPoolExecutor$Worker.run(ThreadPoolExecutor.java:628)
	at java.base/java.lang.Thread.run(Thread.java:835)
... Removed 22 stack frames</pre></div><a href='#' onClick='toggleBox("stack-trace2095826052", this, "Click to show all stack frames", "Click to hide stack frames")'>Click to show all stack frames</a>
<div class='stack-trace' id='stack-trace2095826052'><pre>java.lang.AssertionError: ::Image verification is not as expected:: expected [true] but found [https://groceryapp.uniqassosiates.com/public/uploads/small/1671988677_2fd39a52202fb5157f2a.png]
	at org.testng.Assert.fail(Assert.java:110)
	at org.testng.Assert.failNotEquals(Assert.java:1413)
	at org.testng.Assert.assertEqualsImpl(Assert.java:149)
	at org.testng.Assert.assertEquals(Assert.java:131)
	at org.testng.Assert.assertEquals(Assert.java:655)
	at testCases.ManageSliderPageTestCase.verifyImageUploadedIsSameAsShownInTable(ManageSliderPageTestCase.java:39)
	at java.base/jdk.internal.reflect.NativeMethodAccessorImpl.invoke0(Native Method)
	at java.base/jdk.internal.reflect.NativeMethodAccessorImpl.invoke(NativeMethodAccessorImpl.java:62)
	at java.base/jdk.internal.reflect.DelegatingMethodAccessorImpl.invoke(DelegatingMethodAccessorImpl.java:43)
	at java.base/java.lang.reflect.Method.invoke(Method.java:567)
	at org.testng.internal.invokers.MethodInvocationHelper.invokeMethod(MethodInvocationHelper.java:139)
	at org.testng.internal.invokers.TestInvoker.invokeMethod(TestInvoker.java:677)
	at org.testng.internal.invokers.TestInvoker.invokeTestMethod(TestInvoker.java:221)
	at org.testng.internal.invokers.MethodRunner.runInSequence(MethodRunner.java:50)
	at org.testng.internal.invokers.TestInvoker$MethodInvocationAgent.invoke(TestInvoker.java:962)
	at org.testng.internal.invokers.TestInvoker.invokeTestMethods(TestInvoker.java:194)
	at org.testng.internal.invokers.TestMethodWorker.invokeTestMethods(TestMethodWorker.java:148)
	at org.testng.internal.invokers.TestMethodWorker.run(TestMethodWorker.java:128)
	at java.base/java.util.ArrayList.forEach(ArrayList.java:1540)
	at org.testng.TestRunner.privateRun(TestRunner.java:806)
	at org.testng.TestRunner.run(TestRunner.java:601)
	at org.testng.SuiteRunner.runTest(SuiteRunner.java:433)
	at org.testng.SuiteRunner$SuiteWorker.run(SuiteRunner.java:471)
	at org.testng.internal.thread.ThreadUtil.lambda$execute$0(ThreadUtil.java:58)
	at java.base/java.util.concurrent.FutureTask.run(FutureTask.java:264)
	at java.base/java.util.concurrent.ThreadPoolExecutor.runWorker(ThreadPoolExecutor.java:1128)
	at java.base/java.util.concurrent.ThreadPoolExecutor$Worker.run(ThreadPoolExecutor.java:628)
	at java.base/java.lang.Thread.run(Thread.java:835)
</pre></div></td>
<td>9</td>
<td>testCases.ManageSliderPageTestCase@4afcd809</td></tr>
</table><p>
<table width='100%' border='1' class='invocation-passed'>
<tr><td colspan='4' align='center'><b>PASSED TESTS</b></td></tr>
<tr><td><b>Test method</b></td>
<td><b>Attribute(s)</b></td>
<td width="30%"><b>Exception</b></td>
<td width="10%"><b>Time (seconds)</b></td>
<td><b>Instance</b></td>
</tr>
<tr>
<td title='testCases.LoginPageTestCase.verifySignInText()'><b>verifySignInText</b><br>Test class: testCases.LoginPageTestCase</td>
<td></td>
<td>0</td>
<td>testCases.LoginPageTestCase@2d3379b4</td></tr>
<tr>
<td title='testCases.ManageOrdersPageTestCase.verifyThatUserGetAnAlertMessageduringDeleteClick()'><b>verifyThatUserGetAnAlertMessageduringDeleteClick</b><br>Test class: testCases.ManageOrdersPageTestCase</td>
<td></td>
<td>11</td>
<td>testCases.ManageOrdersPageTestCase@51399530</td></tr>
<tr>
<td title='testCases.DashboardPageTestCase.verifyTheFontSizeOfManagePages()'><b>verifyTheFontSizeOfManagePages</b><br>Test class: testCases.DashboardPageTestCase</td>
<td></td>
<td>1</td>
<td>testCases.DashboardPageTestCase@618b19ad</td></tr>
<tr>
<td title='testCases.LoginPageTestCase.verifySignInWithIncorrectCredentials()'><b>verifySignInWithIncorrectCredentials</b><br>Test class: testCases.LoginPageTestCase<br>Parameters: indu, 123</td>
<td></td>
<td>0</td>
<td>testCases.LoginPageTestCase@2d3379b4</td></tr>
<tr>
<td title='testCases.AdminUsersTestCase.verifyWhetherANewUserIsAbleToLoginToApplication()'><b>verifyWhetherANewUserIsAbleToLoginToApplication</b><br>Test class: testCases.AdminUsersTestCase</td>
<td></td>
<td>8</td>
<td>testCases.AdminUsersTestCase@34a3d150</td></tr>
<tr>
<td title='testCases.ManageOrdersPageTestCase.verifyDropdownOfPaymentMode()'><b>verifyDropdownOfPaymentMode</b><br>Test class: testCases.ManageOrdersPageTestCase</td>
<td></td>
<td>8</td>
<td>testCases.ManageOrdersPageTestCase@51399530</td></tr>
<tr>
<td title='testCases.LoginPageTestCase.verifySignInPageURL()'><b>verifySignInPageURL</b><br>Test class: testCases.LoginPageTestCase</td>
<td></td>
<td>2</td>
<td>testCases.LoginPageTestCase@2d3379b4</td></tr>
<tr>
<td title='testCases.ManageExpenseExpenseCategoryTestCase.verifyAddedCategoryCanBeModified()'><b>verifyAddedCategoryCanBeModified</b><br>Test class: testCases.ManageExpenseExpenseCategoryTestCase</td>
<td></td>
<td>4</td>
<td>testCases.ManageExpenseExpenseCategoryTestCase@6771beb3</td></tr>
<tr>
<td title='testCases.ManageContent_PagesTestCase.verifyLinkContentFromDescriptionIsVisibleInNewPage()'><b>verifyLinkContentFromDescriptionIsVisibleInNewPage</b><br>Test class: testCases.ManageContent_PagesTestCase</td>
<td></td>
<td>36</td>
<td>testCases.ManageContent_PagesTestCase@30c15d8b</td></tr>
<tr>
<td title='testCases.ManageUsersTestCase.verifyActiveUserList()'><b>verifyActiveUserList</b><br>Test class: testCases.ManageUsersTestCase</td>
<td></td>
<td>10</td>
<td>testCases.ManageUsersTestCase@175c2241</td></tr>
<tr>
<td title='testCases.DashboardPageTestCase.verifyTheFontTypeOfManageProduct()'><b>verifyTheFontTypeOfManageProduct</b><br>Test class: testCases.DashboardPageTestCase</td>
<td></td>
<td>2</td>
<td>testCases.DashboardPageTestCase@618b19ad</td></tr>
<tr>
<td title='testCases.ManageExpenseExpenseCategoryTestCase.verifyAnExpenseCategoryCanBeSearched()'><b>verifyAnExpenseCategoryCanBeSearched</b><br>Test class: testCases.ManageExpenseExpenseCategoryTestCase</td>
<td></td>
<td>5</td>
<td>testCases.ManageExpenseExpenseCategoryTestCase@6771beb3</td></tr>
<tr>
<td title='testCases.PushNotificationTestCase.verifyPushNotificationInformationsCanBeSendUsingCSSSelector()'><b>verifyPushNotificationInformationsCanBeSendUsingCSSSelector</b><br>Test class: testCases.PushNotificationTestCase</td>
<td></td>
<td>4</td>
<td>testCases.PushNotificationTestCase@5bf0d49</td></tr>
<tr>
<td title='testCases.PushNotificationTestCase.verifyPushNotificationInformationsCanBeResetUsingCSSSelector()'><b>verifyPushNotificationInformationsCanBeResetUsingCSSSelector</b><br>Test class: testCases.PushNotificationTestCase</td>
<td></td>
<td>4</td>
<td>testCases.PushNotificationTestCase@5bf0d49</td></tr>
<tr>
<td title='testCases.DashboardPageTestCase.verifyTheBackgroundColorOfDashboard()'><b>verifyTheBackgroundColorOfDashboard</b><br>Test class: testCases.DashboardPageTestCase</td>
<td></td>
<td>3</td>
<td>testCases.DashboardPageTestCase@618b19ad</td></tr>
<tr>
<td title='testCases.ManageOrdersPageTestCase.verifyManageOrderPageHighlight()'><b>verifyManageOrderPageHighlight</b><br>Test class: testCases.ManageOrdersPageTestCase</td>
<td></td>
<td>6</td>
<td>testCases.ManageOrdersPageTestCase@51399530</td></tr>
<tr>
<td title='testCases.LoginPageTestCase.verifySignInWithIncorrectCredentials()'><b>verifySignInWithIncorrectCredentials</b><br>Test class: testCases.LoginPageTestCase<br>Parameters: test, data123</td>
<td></td>
<td>0</td>
<td>testCases.LoginPageTestCase@2d3379b4</td></tr>
<tr>
<td title='testCases.ManageExpenseExpenseCategoryTestCase.verifyNewExpenseCategoryCanBeAdded()'><b>verifyNewExpenseCategoryCanBeAdded</b><br>Test class: testCases.ManageExpenseExpenseCategoryTestCase</td>
<td></td>
<td>7</td>
<td>testCases.ManageExpenseExpenseCategoryTestCase@6771beb3</td></tr>
<tr>
<td title='testCases.LoginPageTestCase.verifySignInPageTitle()'><b>verifySignInPageTitle</b><br>Test class: testCases.LoginPageTestCase</td>
<td></td>
<td>6</td>
<td>testCases.LoginPageTestCase@2d3379b4</td></tr>
<tr>
<td title='testCases.LoginPageTestCase.verifySignInWithIncorrectCredentials()'><b>verifySignInWithIncorrectCredentials</b><br>Test class: testCases.LoginPageTestCase<br>Parameters: admin, 123</td>
<td></td>
<td>0</td>
<td>testCases.LoginPageTestCase@2d3379b4</td></tr>
<tr>
<td title='testCases.LoginPageTestCase.verifySignInWithValidCredentials()'><b>verifySignInWithValidCredentials</b><br>Test class: testCases.LoginPageTestCase</td>
<td></td>
<td>4</td>
<td>testCases.LoginPageTestCase@2d3379b4</td></tr>
<tr>
<td title='testCases.ManageExpense_ManageExpenseTestCase.verifyNewReportTabIsOpeningWhileClickingReportButton()'><b>verifyNewReportTabIsOpeningWhileClickingReportButton</b><br>Test class: testCases.ManageExpense_ManageExpenseTestCase</td>
<td></td>
<td>11</td>
<td>testCases.ManageExpense_ManageExpenseTestCase@5e0e82ae</td></tr>
</table><p>
</body>
</html>